2019-04-12 13:10:32<xml><ToUserName><![CDATA[gh_20c55a8ab149]]></ToUserName>
<FromUserName><![CDATA[oYL3b5krtrmqxlwXs0A_7cv4vaJg]]></FromUserName>
<CreateTime>1555069913</CreateTime>
<MsgType><![CDATA[text]]></MsgType>
<Content><![CDATA[还是睡觉觉]]></Content>
<MsgId>22263248425405951</MsgId>
</xml>
2019-04-12 13:11:30<xml><ToUserName><![CDATA[gh_20c55a8ab149]]></ToUserName>
<FromUserName><![CDATA[oYL3b5krtrmqxlwXs0A_7cv4vaJg]]></FromUserName>
<CreateTime>1555069913</CreateTime>
<MsgType><![CDATA[text]]></MsgType>
<Content><![CDATA[还是睡觉觉]]></Content>
<MsgId>22263248425405951</MsgId>
</xml>
2019-04-12 13:13:00<xml><ToUserName><![CDATA[gh_20c55a8ab149]]></ToUserName>
<FromUserName><![CDATA[oYL3b5krtrmqxlwXs0A_7cv4vaJg]]></FromUserName>
<CreateTime>1555069913</CreateTime>
<MsgType><![CDATA[text]]></MsgType>
<Content><![CDATA[还是睡觉觉]]></Content>
<MsgId>22263248425405951</MsgId>
</xml>
2019-04-13 01:36:39<xml><ToUserName><![CDATA[gh_20c55a8ab149]]></ToUserName>
<FromUserName><![CDATA[oYL3b5krtrmqxlwXs0A_7cv4vaJg]]></FromUserName>
<CreateTime>1555116094</CreateTime>
<MsgType><![CDATA[text]]></MsgType>
<Content><![CDATA[玫瑰花]]></Content>
<MsgId>22263909056632032</MsgId>
</xml>


2019-04-13 01:40:24<xml><ToUserName><![CDATA[gh_20c55a8ab149]]></ToUserName>
<FromUserName><![CDATA[oYL3b5krtrmqxlwXs0A_7cv4vaJg]]></FromUserName>
<CreateTime>1555116094</CreateTime>
<MsgType><![CDATA[text]]></MsgType>
<Content><![CDATA[玫瑰花]]></Content>
<MsgId>22263909056632032</MsgId>
</xml>


